 121112 16:04:16	   85 Query	SET autocommit=0
		   85 Query	insert into PIITYPE (ATTRIBUTENAME, ATTRIBUTEVALUE, CREATIONDATEITEM, MODIFICATIONDATEITEM, OWNER) values ('Tulips.jpg', '25dc0e5d-a1f9-42b3-a4cc-087054fe076f_Tulips.jpg', null, null, 1)
		   85 Query	insert into AUTHORIZATIONSSETTYPE (MATCHING, MISMATCHIDOBJECT) values (1, null)
		   85 Query	insert into AUTHORIZATIONTYPE (MATCHING, MISMATCHIDOBJECT) values (1, null)
		   85 Query	insert into AUTHZDOWNSTREAMUSAGE (ALLOWED, HJID) values ('true', 5)
		   85 Query	insert into AUTHORIZATIONTYPEANYITEM (ITEMELEMENT, ITEMOBJECT) values (null, '<?xml version="1.0" encoding="UTF-8" standalone="yes"?><ns3:Policy PolicyId="policy-a3e733b5-1991-49d5-8c77-11548208e656" RuleCombiningAlgId="urn:oasis:names:tc:xacml:1.0:rule-combining-algorithm:permit-overrides" xmlns="urn:oasis:names:tc:SAML:2.0:assertion" xmlns:ns9="http://www.primelife.eu/ppl/stickypolicy" xmlns:ns5="http://www.primelife.eu/ppl" xmlns:ns12="urn:oasis:names:tc:xacml:2.0:context:schema:os" xmlns:ns6="http://www.primelife.eu/ppl/obligation" xmlns:ns13="http://www.primelife.eu/ppl/pii" xmlns:ns7="http://www.primelife.eu/ppl/authorization/mismatch" xmlns:ns10="http://www.w3.org/2001/04/xmlenc#" xmlns:ns8="http://www.primelife.eu/ppl/obligation/mismatch" xmlns:ns11="http://www.w3.org/2000/09/xmldsig#" xmlns:ns2="http://www.primelife.eu/ppl/claims" xmlns:ns4="http://www.primelife.eu/ppl/credential" xmlns:ns3="urn:oasis:names:tc:xacml:2.0:policy:schema:os"><ns3:Target><ns3:Subjects><ns3:Subject><ns3:SubjectMatch MatchId="urn:oasis:names:tc:xacml:1.0:function:string-equal"><ns3:AttributeValue DataType="http://www.w3.org/2001/XMLSchema#string">toto@sap.com</ns3:AttributeValue><ns3:SubjectAttributeDesignator AttributeId="http://www.primelife.eu/ppl/email" DataType="http://www.w3.org/2001/XMLSchema#string"/></ns3:SubjectMatch></ns3:Subject></ns3:Subjects><ns3:Resources><ns3:Resource><ns3:ResourceMatch MatchId="urn:oasis:names:tc:xacml:1.0:function:string-equal"><ns3:AttributeValue DataType="http://www.w3.org/2001/XMLSchema#string">Tulips.jpg</ns3:AttributeValue><ns3:ResourceAttributeDesignator AttributeId="http://www.primelife.eu/ppl/fileName" DataType="http://www.w3.org/2001/XMLSchema#string"/></ns3:ResourceMatch></ns3:Resource></ns3:Resources><ns3:Actions><ns3:Action><ns3:ActionMatch MatchId="urn:oasis:names:tc:xacml:1.0:function:string-equal"><ns3:AttributeValue DataType="http://www.w3.org/2001/XMLSchema#string">read</ns3:AttributeValue><ns3:ActionAttributeDesignator AttributeId="urn:oasis:names:tc:xacml:1.0:action:action-id" DataType="http://www.w3.org/2001/XMLSchema#string"/></ns3:ActionMatch></ns3:Action></ns3:Actions></ns3:Target><ns3:Rule RuleId="rule-9d77b0b3-0d58-4aea-a7e8-dbd26ec4fb75" Effect="Permit"/></ns3:Policy>')
		   85 Query	insert into AUTHORIZATIONSSETTYPEAUTHORI_0 (ITEMNAME, ITEMVALUE_AUTHORIZATIONSSETT_0) values ('{http://www.primelife.eu/ppl}AuthzDownstreamUsage', 5)
		   85 Query	insert into OBLIGATIONSSET_0 (ELEMENTID, INFINIT, MATCHING, MISMATCHID) values (null, 0, 1, null)
		   85 Query	insert into ACTION_ (ELEMENTID, MATCHING, MISMATCHID, NAME_) values (null, 1, null, null)
		   85 Query	insert into ACTIONDELETEPERSONALDATA (HJID) values (8)
		   85 Query	insert into TRIGGERSSET (ELEMENTID, MATCHING, MISMATCHID, NAME_) values (null, 1, null, null)
		   85 Query	insert into DURATION (DURATION, ELEMENTID, MATCHING, MISMATCHID) values ('P0Y0M0DT0H30M0S', null, 1, null)
		   85 Query	insert into DATEANDTIME (DATEANDTIMEITEM, ELEMENTID, MATCHING, MISMATCHID, STARTNOWOBJECT) values (null, null, 1, null, '<?xml version="1.0" encoding="UTF-8"?><ns2:StartNow xmlns:ns2="http://www.primelife.eu/ppl/obligation" xmlns="http://www.primelife.eu/ppl" xmlns:ns3="http://www.primelife.eu/ppl/authorization/mismatch" xmlns:ns4="http://www.primelife.eu/ppl/obligation/mismatch" xmlns:ns5="http://www.primelife.eu/ppl/stickypolicy" xmlns:ns6="urn:oasis:names:tc:xacml:2.0:policy:schema:os" xmlns:ns7="http://www.primelife.eu/ppl/credential"/>')
		   85 Query	insert into TRIGGER_ (ELEMENTID, MATCHING, MISMATCHID, NAME_) values (null, 1, null, null)
		   85 Query	insert into TRIGGERATTIME (MAXDELAY_TRIGGERATTIME_HJID, START__TRIGGERATTIME_HJID, HJID) values (8, 5, 8)
		   85 Query	insert into TRIGGERSSETTRIGGERITEM (ITEMNAME, ITEMVALUE_TRIGGERSSETTRIGGER_0) values ('{http://www.primelife.eu/ppl/obligation}TriggerAtTime', 8)
		   85 Query	insert into OBLIGATION (ACTIONNAME, ACTIONVALUE_OBLIGATION_HJID, ELEMENTID, MATCHING, MISMATCHID, TRIGGERSSET_OBLIGATION_HJID) values ('{http://www.primelife.eu/ppl/obligation}ActionDeletePersonalData', 8, null, 1, null, 8)
		   85 Query	insert into ACTION_ (ELEMENTID, MATCHING, MISMATCHID, NAME_) values (null, 1, null, null)
		   85 Query	insert into ACTIONNOTIFYDATASUBJECT (ADDRESS, MEDIA, HJID) values ('paul.cervera.y.alvarez@sap.com', 'Email', 9)
		   85 Query	insert into TRIGGERSSET (ELEMENTID, MATCHING, MISMATCHID, NAME_) values (null, 1, null, null)
		   85 Query	insert into DURATION (DURATION, ELEMENTID, MATCHING, MISMATCHID) values ('P0Y0M0DT0H5M0S', null, 1, null)
		   85 Query	insert into TRIGGER_ (ELEMENTID, MATCHING, MISMATCHID, NAME_) values (null, 1, null, null)
		   85 Query	insert into TRIGGERPERSONALDATASENT (ID, MAXDELAY_TRIGGERPERSONALDATA_2, HJID) values ('http://www.primelife.eu/ppl/email', 9, 9)
		   85 Query	insert into TRIGGERSSETTRIGGERITEM (ITEMNAME, ITEMVALUE_TRIGGERSSETTRIGGER_0) values ('{http://www.primelife.eu/ppl/obligation}TriggerPersonalDataSent', 9)
		   85 Query	insert into OBLIGATION (ACTIONNAME, ACTIONVALUE_OBLIGATION_HJID, ELEMENTID, MATCHING, MISMATCHID, TRIGGERSSET_OBLIGATION_HJID) values ('{http://www.primelife.eu/ppl/obligation}ActionNotifyDataSubject', 9, null, 1, null, 9)
		   85 Query	insert into COMMONDHPSPTYPE (AUTHORIZATIONSSET_COMMONDHPS_0, OBLIGATIONSSET_COMMONDHPSPTY_0) values (5, 5)
		   85 Query	insert into STICKYPOLICYTYPE (HJID) values (5)
		   85 Query	insert into POLICYTYPE (DESCRIPTION, OBLIGATIONS_POLICYTYPE_HJID, POLICYDEFAULTS_POLICYTYPE_HJ_0, POLICYID, RULECOMBININGALGID, TARGET_POLICYTYPE_HJID, VERSION_) values (null, null, null, null, null, null, '1.0')
		   85 Query	insert into POLICYTYPE_0 (CREDENTIALREQUIREMENTS_POLIC_1, DATAHANDLINGPREFERENCES_POLI_1, PROVISIONALACTIONS_POLICYTYP_0, STICKYPOLICY_POLICYTYPE_0_HJ_0, HJID) values (null, null, null, 5, 5)
		   85 Query	insert into PIITYPEPOLICYSETORPOLICYITEM (ITEMPOLICY_PIITYPEPOLICYSETO_0, ITEMPOLICYSET_PIITYPEPOLICYS_0) values (5, null)
		   85 Query	update PIITYPEPOLICYSETORPOLICYITEM set POLICYSETORPOLICYITEMS_PIITY_0=5 where HJID=5
		   85 Query	update AUTHORIZATIONSSETTYPEAUTHORI_0 set AUTHORIZATIONITEMS_AUTHORIZA_0=5 where HJID=5
		   85 Query	update AUTHORIZATIONTYPEANYITEM set ANYITEMS_AUTHORIZATIONTYPE_H_0=5 where HJID=5
		   85 Query	update OBLIGATION set OBLIGATION_OBLIGATIONSSET_0__0=5 where HJID=8
		   85 Query	update OBLIGATION set OBLIGATION_OBLIGATIONSSET_0__0=5 where HJID=9
		   85 Query	update TRIGGERSSETTRIGGERITEM set TRIGGERITEMS_TRIGGERSSET_HJID=8 where HJID=8
		   85 Query	update TRIGGERSSETTRIGGERITEM set TRIGGERITEMS_TRIGGERSSET_HJID=9 where HJID=9
		   85 Query	commit
		   85 Query	SET autocommit=1
		   85 Query	select piiuniquei0_.id as id228_, piiuniquei0_.uniqueId as uniqueId228_ from piiuniqueid piiuniquei0_
		   85 Query	select piiuniquei0_.id as id228_, piiuniquei0_.uniqueId as uniqueId228_ from piiuniqueid piiuniquei0_ where piiuniquei0_.uniqueId=51352732656102843
		   85 Query	SET autocommit=0
		   85 Query	insert into piiuniqueid (uniqueId, id) values (51352732656102843, 5)
		   85 Query	commit
		   85 Query	SET autocommit=1
		   85 Query	SET autocommit=0
		   85 Query	insert into OEEStatus (action_HJID, piiUniqueId_id, trigger_HJID, triggerName, triggeredOnce) values (8, 5, 8, '{http://www.primelife.eu/ppl/obligation}TriggerAtTime', 0)
		   85 Query	commit
		   85 Query	SET autocommit=1
		   85 Query	SET autocommit=0
		   85 Query	insert into OEEStatus (action_HJID, piiUniqueId_id, trigger_HJID, triggerName, triggeredOnce) values (9, 5, 9, '{http://www.primelife.eu/ppl/obligation}TriggerPersonalDataSent', 0)
		   85 Query	update DATEANDTIME set DATEANDTIMEITEM='2012-11-12 16:04:16', ELEMENTID=null, MATCHING=1, MISMATCHID=null, STARTNOWOBJECT=null where HJID=5
		   85 Query	commit
		   85 Query	SET autocommit=1
		   85 Query	select piiuniquei0_.id as id228_, piiuniquei0_.uniqueId as uniqueId228_ from piiuniqueid piiuniquei0_
		   85 Query	SET autocommit=0
		   85 Query	insert into EventH_ values ( )
		   85 Query	insert into EventHCreate (id) values (12)
		   85 Query	insert into piiH (date, event_id, owner, piiAttributeName, piiAttributeValue, piiUid) values (null, 12, 1, 'Tulips.jpg', '25dc0e5d-a1f9-42b3-a4cc-087054fe076f_Tulips.jpg', 51352732656102843)
		   85 Query	commit
		   85 Query	SET autocommit=1
		   85 Query	select eventlogge0_.id as id229_0_ from EventHCreate eventlogge0_ inner join EventH_ eventlogge0_1_ on eventlogge0_.id=eventlogge0_1_.id where eventlogge0_.id=12
		   85 Query	select piilogged0_.id as id235_1_, date as date235_1_, piilogged0_.event_id as event7_235_1_, piilogged0_.owner as owner235_1_, piilogged0_.piiAttributeName as piiAttri4_235_1_, piilogged0_.piiAttributeValue as piiAttri5_235_1_, piilogged0_.piiUid as piiUid235_1_, eventlogge1_.id as id229_0_, eventlogge1_3_.subject as subject232_0_, eventlogge1_5_.actionPerformed as actionPe1_234_0_, eventlogge1_5_.purpose as purpose234_0_, case when eventlogge1_1_.id is not null then 1 when eventlogge1_2_.id is not null then 2 when eventlogge1_3_.id is not null then 3 when eventlogge1_4_.id is not null then 4 when eventlogge1_5_.id is not null then 5 when eventlogge1_.id is not null then 0 end as clazz_0_ from piiH piilogged0_ left outer join EventH_ eventlogge1_ on piilogged0_.event_id=eventlogge1_.id left outer join EventHUpdate eventlogge1_1_ on eventlogge1_.id=eventlogge1_1_.id left outer join EventHCreate eventlogge1_2_ on eventlogge1_.id=eventlogge1_2_.id left outer join EventHDownstream eventlogge1_3_ on eventlogge1_.id=eventlogge1_3_.id left outer join EventHDelete eventlogge1_4_ on eventlogge1_.id=eventlogge1_4_.id left outer join EventHAccess eventlogge1_5_ on eventlogge1_.id=eventlogge1_5_.id where piilogged0_.id=12
		   85 Query	select piiuniquei0_.id as id228_, piiuniquei0_.uniqueId as uniqueId228_ from piiuniqueid piiuniquei0_
121112 16:06:19	   86 Connect	root@localhost on 
		   86 Query	SET CHARACTER SET 'utf8'
		   86 Query	SET collation_connection = 'utf8_general_ci'
		   87 Connect	root@localhost on 
		   87 Query	SET CHARACTER SET 'utf8'
		   87 Query	SET collation_connection = 'utf8_general_ci'
		   87 Query	SHOW PLUGINS
		   87 Init DB	ppl-dc
		   86 Query	SELECT `comment`
               FROM `phpmyadmin`.`pma_column_info`
              WHERE db_name     = 'ppl-dc'
                AND table_name  = ''
                AND column_name = '(db_comment)'
		   87 Query	SHOW TABLES FROM `ppl-dc`
121112 16:06:20	   87 Query	SHOW TABLE STATUS FROM `ppl-dc`
		   86 Query	SELECT label, id FROM `phpmyadmin`.`pma_bookmark` WHERE dbase = 'ppl-dc' AND user = 'root' ORDER BY label
		   86 Query	SELECT label, id FROM `phpmyadmin`.`pma_bookmark` WHERE dbase = 'ppl-dc' AND user = '' ORDER BY label
		   87 Quit	
		   86 Quit	
121112 16:06:41	   88 Connect	root@localhost on 
		   88 Query	SET CHARACTER SET 'utf8'
		   88 Query	SET collation_connection = 'utf8_general_ci'
		   89 Connect	root@localhost on 
		   89 Query	SET CHARACTER SET 'utf8'
		   89 Query	SET collation_connection = 'utf8_general_ci'
		   89 Query	SHOW PLUGINS
		   89 Init DB	ppl-dc
		   89 Init DB	ppl-dc
		   89 Query	SELECT * FROM piitype
 LIMIT 0, 30
		   89 Query	SHOW TABLE STATUS FROM `ppl-dc` LIKE 'piitype%'
		   89 Query	SELECT COUNT(*) FROM `ppl-dc`.`piitype`
		   88 Query	SELECT `master_field`,
                    `foreign_db`,
                    `foreign_table`,
                    `foreign_field`
               FROM `phpmyadmin`.`pma_relation`
              WHERE `master_db`    = 'ppl-dc'
                AND `master_table` = 'piitype'
		   89 Query	SHOW CREATE TABLE `ppl-dc`.`piitype`
		   89 Query	SHOW FULL COLUMNS
        FROM `ppl-dc`.`piitype`
		   88 Query	SELECT `column_name`,
                `mimetype`,
                `transformation`,
                `transformation_options`
          FROM `phpmyadmin`.`pma_column_info`
         WHERE `db_name`    = 'ppl-dc'
           AND `table_name` = 'piitype'
           AND ( `mimetype` != ''
              OR `transformation` != ''
              OR `transformation_options` != '')
		   89 Quit	
		   88 Quit	

121112 16:09:26	  102 Connect	root@localhost on 
		  102 Query	SET CHARACTER SET 'utf8'
		  102 Query	SET collation_connection = 'utf8_general_ci'
		  103 Connect	root@localhost on 
		  103 Query	SET CHARACTER SET 'utf8'
		  103 Query	SET collation_connection = 'utf8_general_ci'
		  103 Query	SHOW PLUGINS
		  103 Init DB	ppl-dc
		  103 Query	DELETE FROM `ppl-dc`.`oeestatus` WHERE `oeestatus`.`id` = 8
		  102 Query	SELECT MAX(version) FROM `phpmyadmin`.`pma_tracking` WHERE `db_name` = 'ppl-dc'  AND `table_name` = 'oeestatus'  AND FIND_IN_SET('DELETE',tracking) > 0
		  102 Query	SELECT tracking_active FROM `phpmyadmin`.`pma_tracking` WHERE `db_name` = 'ppl-dc'  AND `table_name` = 'oeestatus'  ORDER BY version DESC
		  103 Init DB	ppl-dc
		  103 Query	DELETE FROM `ppl-dc`.`oeestatus` WHERE `oeestatus`.`id` = 9
		  102 Query	SELECT MAX(version) FROM `phpmyadmin`.`pma_tracking` WHERE `db_name` = 'ppl-dc'  AND `table_name` = 'oeestatus'  AND FIND_IN_SET('DELETE',tracking) > 0
		  102 Query	SELECT tracking_active FROM `phpmyadmin`.`pma_tracking` WHERE `db_name` = 'ppl-dc'  AND `table_name` = 'oeestatus'  ORDER BY version DESC
		  103 Init DB	ppl-dc
		  103 Query	SELECT * FROM `oeestatus`
 LIMIT 0, 30
		  103 Query	SHOW TABLE STATUS FROM `ppl-dc` LIKE 'oeestatus%'
		  103 Query	SELECT COUNT(*) FROM `ppl-dc`.`oeestatus`
		  103 Quit	
		  102 Quit	
		  104 Connect	root@localhost on 
		  104 Query	SET CHARACTER SET 'utf8'
		  104 Query	SET collation_connection = 'utf8_general_ci'
		  105 Connect	root@localhost on 
		  105 Query	SET CHARACTER SET 'utf8'
		  105 Query	SET collation_connection = 'utf8_general_ci'
		  105 Query	SHOW PLUGINS
		  105 Init DB	ppl-dc
		  105 Query	SHOW TABLES LIKE 'oeestatus'
		  105 Init DB	ppl-dc
		  105 Query	SHOW TABLE STATUS FROM `ppl-dc` LIKE 'oeestatus%'
		  104 Query	SELECT tracking_active FROM `phpmyadmin`.`pma_tracking` WHERE `db_name` = 'ppl-dc'  AND `table_name` = 'oeestatus'  ORDER BY version DESC
		  105 Query	SELECT COUNT(*) FROM `ppl-dc`.`oeestatus`
		  105 Query	SHOW INDEX FROM `ppl-dc`.`oeestatus`
		  105 Query	SHOW FULL FIELDS FROM `oeestatus`
		  105 Query	SHOW CREATE TABLE `ppl-dc`.`oeestatus`
		  105 Query	SHOW FULL COLUMNS
        FROM `ppl-dc`.`oeestatus`
		  104 Query	SELECT `column_name`,
                `mimetype`,
                `transformation`,
                `transformation_options`
          FROM `phpmyadmin`.`pma_column_info`
         WHERE `db_name`    = 'ppl-dc'
           AND `table_name` = 'oeestatus'
           AND ( `mimetype` != '')
		  105 Query	SHOW TRIGGERS FROM `ppl-dc` LIKE 'oeestatus'
		  104 Quit	
		  105 Quit	
121112 16:09:34	  106 Connect	root@localhost on 
		  106 Query	SET CHARACTER SET 'utf8'
		  106 Query	SET collation_connection = 'utf8_general_ci'
		  107 Connect	root@localhost on 
		  107 Query	SET CHARACTER SET 'utf8'
		  107 Query	SET collation_connection = 'utf8_general_ci'
		  107 Query	SHOW PLUGINS
		  106 Query	SELECT query FROM `phpmyadmin`.`pma_bookmark` WHERE dbase = 'ppl-dc' AND (user = 'root') AND `label` = 'piiuniqueid'
		  107 Init DB	ppl-dc
		  107 Query	SELECT * FROM `piiuniqueid`
 LIMIT 0, 30
		  107 Query	SHOW TABLE STATUS FROM `ppl-dc` LIKE 'piiuniqueid%'
		  107 Query	SELECT COUNT(*) FROM `ppl-dc`.`piiuniqueid`
		  107 Init DB	ppl-dc
		  107 Init DB	ppl-dc
		  106 Query	SELECT tracking_active FROM `phpmyadmin`.`pma_tracking` WHERE `db_name` = 'ppl-dc'  AND `table_name` = 'piiuniqueid'  ORDER BY version DESC
		  106 Query	SELECT `master_field`,
                    `foreign_db`,
                    `foreign_table`,
                    `foreign_field`
               FROM `phpmyadmin`.`pma_relation`
              WHERE `master_db`    = 'ppl-dc'
                AND `master_table` = 'piiuniqueid'
		  107 Query	SHOW CREATE TABLE `ppl-dc`.`piiuniqueid`
		  107 Query	SHOW FULL COLUMNS
        FROM `ppl-dc`.`piiuniqueid`
		  106 Query	SELECT `column_name`,
                `mimetype`,
                `transformation`,
                `transformation_options`
          FROM `phpmyadmin`.`pma_column_info`
         WHERE `db_name`    = 'ppl-dc'
           AND `table_name` = 'piiuniqueid'
           AND ( `mimetype` != ''
              OR `transformation` != ''
              OR `transformation_options` != '')
		  107 Quit	
		  106 Quit	
121112 16:09:39	  108 Connect	root@localhost on 
		  108 Query	SET CHARACTER SET 'utf8'
		  108 Query	SET collation_connection = 'utf8_general_ci'
		  109 Connect	root@localhost on 
		  109 Query	SET CHARACTER SET 'utf8'
		  109 Query	SET collation_connection = 'utf8_general_ci'
		  109 Query	SHOW PLUGINS
		  109 Init DB	ppl-dc
		  109 Query	DELETE FROM `ppl-dc`.`piiuniqueid` WHERE `piiuniqueid`.`id` = 5
		  108 Query	SELECT MAX(version) FROM `phpmyadmin`.`pma_tracking` WHERE `db_name` = 'ppl-dc'  AND `table_name` = 'piiuniqueid'  AND FIND_IN_SET('DELETE',tracking) > 0
		  108 Query	SELECT tracking_active FROM `phpmyadmin`.`pma_tracking` WHERE `db_name` = 'ppl-dc'  AND `table_name` = 'piiuniqueid'  ORDER BY version DESC
		  109 Quit	
		  108 Quit	
121112 16:09:40	  110 Connect	root@localhost on 
		  110 Query	SET CHARACTER SET 'utf8'
		  110 Query	SET collation_connection = 'utf8_general_ci'
		  111 Connect	root@localhost on 
		  111 Query	SET CHARACTER SET 'utf8'
		  111 Query	SET collation_connection = 'utf8_general_ci'
		  111 Query	SHOW PLUGINS
		  111 Init DB	ppl-dc
		  111 Query	SELECT * FROM `piiuniqueid`
 LIMIT 0, 30
		  111 Query	SHOW TABLE STATUS FROM `ppl-dc` LIKE 'piiuniqueid%'
		  111 Query	SELECT COUNT(*) FROM `ppl-dc`.`piiuniqueid`
		  111 Init DB	ppl-dc
		  111 Init DB	ppl-dc
		  110 Query	SELECT tracking_active FROM `phpmyadmin`.`pma_tracking` WHERE `db_name` = 'ppl-dc'  AND `table_name` = 'piiuniqueid'  ORDER BY version DESC
		  111 Query	SHOW INDEX FROM `ppl-dc`.`piiuniqueid`
		  111 Query	SHOW FULL FIELDS FROM `piiuniqueid`
		  111 Query	SHOW CREATE TABLE `ppl-dc`.`piiuniqueid`
		  111 Query	SHOW FULL COLUMNS
        FROM `ppl-dc`.`piiuniqueid`
		  110 Query	SELECT `column_name`,
                `mimetype`,
                `transformation`,
                `transformation_options`
          FROM `phpmyadmin`.`pma_column_info`
         WHERE `db_name`    = 'ppl-dc'
           AND `table_name` = 'piiuniqueid'
           AND ( `mimetype` != '')
		  111 Query	SHOW TRIGGERS FROM `ppl-dc` LIKE 'piiuniqueid'
		  111 Quit	
		  110 Quit	
