 121112 15:48:14	   85 Query	select piitype0_.HJID as HJID21_, piitype0_.ATTRIBUTENAME as ATTRIBUT2_21_, piitype0_.ATTRIBUTEVALUE as ATTRIBUT3_21_, piitype0_.CREATIONDATEITEM as CREATION4_21_, piitype0_.MODIFICATIONDATEITEM as MODIFICA5_21_, piitype0_.OWNER as OWNER21_ from PIITYPE piitype0_
		   85 Query	select piitype0_.HJID as HJID21_, piitype0_.ATTRIBUTENAME as ATTRIBUT2_21_, piitype0_.ATTRIBUTEVALUE as ATTRIBUT3_21_, piitype0_.CREATIONDATEITEM as CREATION4_21_, piitype0_.MODIFICATIONDATEITEM as MODIFICA5_21_, piitype0_.OWNER as OWNER21_ from PIITYPE piitype0_ where piitype0_.ATTRIBUTENAME='Jellyfish.jpg'
		   85 Query	select oeestatus0_.id as id227_, oeestatus0_.action_HJID as action4_227_, oeestatus0_.piiUniqueId_id as piiUniqu5_227_, oeestatus0_.trigger_HJID as trigger6_227_, oeestatus0_.triggerName as triggerN2_227_, oeestatus0_.triggeredOnce as triggere3_227_ from OEEStatus oeestatus0_ where oeestatus0_.piiUniqueId_id=1 and oeestatus0_.triggerName='{http://www.primelife.eu/ppl/obligation}TriggerPersonalDataSent'
		   85 Query	select oeestatus0_.id as id227_, oeestatus0_.action_HJID as action4_227_, oeestatus0_.piiUniqueId_id as piiUniqu5_227_, oeestatus0_.trigger_HJID as trigger6_227_, oeestatus0_.triggerName as triggerN2_227_, oeestatus0_.triggeredOnce as triggere3_227_ from OEEStatus oeestatus0_ where oeestatus0_.piiUniqueId_id=1 and oeestatus0_.triggerName='{http://www.primelife.eu/ppl/obligation}TriggerPersonalDataSent'
121112 15:48:32	   85 Query	select piiuniquei0_.id as id228_, piiuniquei0_.uniqueId as uniqueId228_ from piiuniqueid piiuniquei0_
		   85 Query	SET autocommit=0
		   85 Query	insert into EventH_ values ( )
		   85 Query	insert into EventHDownstream (subject, id) values ('toto@sap.com', 4)
		   85 Query	insert into piiH (date, event_id, owner, piiAttributeName, piiAttributeValue, piiUid) values (null, 4, 1, 'Jellyfish.jpg', 'b4d0c00a-7b9f-4c44-9051-ed6ae8844297_Jellyfish.jpg', 11352731546631961)
		   85 Query	commit
		   85 Query	SET autocommit=1
		   85 Query	select eventlogge0_.id as id229_0_, eventlogge0_.subject as subject232_0_ from EventHDownstream eventlogge0_ inner join EventH_ eventlogge0_1_ on eventlogge0_.id=eventlogge0_1_.id where eventlogge0_.id=4
		   85 Query	select piilogged0_.id as id235_1_, date as date235_1_, piilogged0_.event_id as event7_235_1_, piilogged0_.owner as owner235_1_, piilogged0_.piiAttributeName as piiAttri4_235_1_, piilogged0_.piiAttributeValue as piiAttri5_235_1_, piilogged0_.piiUid as piiUid235_1_, eventlogge1_.id as id229_0_, eventlogge1_3_.subject as subject232_0_, eventlogge1_5_.actionPerformed as actionPe1_234_0_, eventlogge1_5_.purpose as purpose234_0_, case when eventlogge1_1_.id is not null then 1 when eventlogge1_2_.id is not null then 2 when eventlogge1_3_.id is not null then 3 when eventlogge1_4_.id is not null then 4 when eventlogge1_5_.id is not null then 5 when eventlogge1_.id is not null then 0 end as clazz_0_ from piiH piilogged0_ left outer join EventH_ eventlogge1_ on piilogged0_.event_id=eventlogge1_.id left outer join EventHUpdate eventlogge1_1_ on eventlogge1_.id=eventlogge1_1_.id left outer join EventHCreate eventlogge1_2_ on eventlogge1_.id=eventlogge1_2_.id left outer join EventHDownstream eventlogge1_3_ on eventlogge1_.id=eventlogge1_3_.id left outer join EventHDelete eventlogge1_4_ on eventlogge1_.id=eventlogge1_4_.id left outer join EventHAccess eventlogge1_5_ on eventlogge1_.id=eventlogge1_5_.id where piilogged0_.id=4
		   85 Query	select piitype0_.HJID as HJID21_, piitype0_.ATTRIBUTENAME as ATTRIBUT2_21_, piitype0_.ATTRIBUTEVALUE as ATTRIBUT3_21_, piitype0_.CREATIONDATEITEM as CREATION4_21_, piitype0_.MODIFICATIONDATEITEM as MODIFICA5_21_, piitype0_.OWNER as OWNER21_ from PIITYPE piitype0_ where piitype0_.ATTRIBUTENAME='Koala.jpg'
121112 15:48:33	   85 Query	select oeestatus0_.id as id227_, oeestatus0_.action_HJID as action4_227_, oeestatus0_.piiUniqueId_id as piiUniqu5_227_, oeestatus0_.trigger_HJID as trigger6_227_, oeestatus0_.triggerName as triggerN2_227_, oeestatus0_.triggeredOnce as triggere3_227_ from OEEStatus oeestatus0_ where oeestatus0_.piiUniqueId_id=2 and oeestatus0_.triggerName='{http://www.primelife.eu/ppl/obligation}TriggerPersonalDataSent'
		   85 Query	select oeestatus0_.id as id227_, oeestatus0_.action_HJID as action4_227_, oeestatus0_.piiUniqueId_id as piiUniqu5_227_, oeestatus0_.trigger_HJID as trigger6_227_, oeestatus0_.triggerName as triggerN2_227_, oeestatus0_.triggeredOnce as triggere3_227_ from OEEStatus oeestatus0_ where oeestatus0_.piiUniqueId_id=2 and oeestatus0_.triggerName='{http://www.primelife.eu/ppl/obligation}TriggerPersonalDataSent'
121112 15:48:48	   85 Query	select piiuniquei0_.id as id228_, piiuniquei0_.uniqueId as uniqueId228_ from piiuniqueid piiuniquei0_
		   85 Query	SET autocommit=0
		   85 Query	insert into EventH_ values ( )
		   85 Query	insert into EventHDownstream (subject, id) values ('toto@sap.com', 5)
		   85 Query	insert into piiH (date, event_id, owner, piiAttributeName, piiAttributeValue, piiUid) values (null, 5, 1, 'Koala.jpg', 'd19eddcb-3668-4f2b-812a-5c25406ab367_Koala.jpg', 21352731547055389)
		   85 Query	commit
		   85 Query	SET autocommit=1
		   85 Query	select eventlogge0_.id as id229_0_, eventlogge0_.subject as subject232_0_ from EventHDownstream eventlogge0_ inner join EventH_ eventlogge0_1_ on eventlogge0_.id=eventlogge0_1_.id where eventlogge0_.id=5
		   85 Query	select piilogged0_.id as id235_1_, date as date235_1_, piilogged0_.event_id as event7_235_1_, piilogged0_.owner as owner235_1_, piilogged0_.piiAttributeName as piiAttri4_235_1_, piilogged0_.piiAttributeValue as piiAttri5_235_1_, piilogged0_.piiUid as piiUid235_1_, eventlogge1_.id as id229_0_, eventlogge1_3_.subject as subject232_0_, eventlogge1_5_.actionPerformed as actionPe1_234_0_, eventlogge1_5_.purpose as purpose234_0_, case when eventlogge1_1_.id is not null then 1 when eventlogge1_2_.id is not null then 2 when eventlogge1_3_.id is not null then 3 when eventlogge1_4_.id is not null then 4 when eventlogge1_5_.id is not null then 5 when eventlogge1_.id is not null then 0 end as clazz_0_ from piiH piilogged0_ left outer join EventH_ eventlogge1_ on piilogged0_.event_id=eventlogge1_.id left outer join EventHUpdate eventlogge1_1_ on eventlogge1_.id=eventlogge1_1_.id left outer join EventHCreate eventlogge1_2_ on eventlogge1_.id=eventlogge1_2_.id left outer join EventHDownstream eventlogge1_3_ on eventlogge1_.id=eventlogge1_3_.id left outer join EventHDelete eventlogge1_4_ on eventlogge1_.id=eventlogge1_4_.id left outer join EventHAccess eventlogge1_5_ on eventlogge1_.id=eventlogge1_5_.id where piilogged0_.id=5
		   85 Query	select piitype0_.HJID as HJID21_, piitype0_.ATTRIBUTENAME as ATTRIBUT2_21_, piitype0_.ATTRIBUTEVALUE as ATTRIBUT3_21_, piitype0_.CREATIONDATEITEM as CREATION4_21_, piitype0_.MODIFICATIONDATEITEM as MODIFICA5_21_, piitype0_.OWNER as OWNER21_ from PIITYPE piitype0_ where piitype0_.ATTRIBUTENAME='Penguins.jpg'
121112 15:48:49	   85 Query	select oeestatus0_.id as id227_, oeestatus0_.action_HJID as action4_227_, oeestatus0_.piiUniqueId_id as piiUniqu5_227_, oeestatus0_.trigger_HJID as trigger6_227_, oeestatus0_.triggerName as triggerN2_227_, oeestatus0_.triggeredOnce as triggere3_227_ from OEEStatus oeestatus0_ where oeestatus0_.piiUniqueId_id=3 and oeestatus0_.triggerName='{http://www.primelife.eu/ppl/obligation}TriggerPersonalDataSent'
		   85 Query	select oeestatus0_.id as id227_, oeestatus0_.action_HJID as action4_227_, oeestatus0_.piiUniqueId_id as piiUniqu5_227_, oeestatus0_.trigger_HJID as trigger6_227_, oeestatus0_.triggerName as triggerN2_227_, oeestatus0_.triggeredOnce as triggere3_227_ from OEEStatus oeestatus0_ where oeestatus0_.piiUniqueId_id=3 and oeestatus0_.triggerName='{http://www.primelife.eu/ppl/obligation}TriggerPersonalDataSent'
121112 15:48:51	   85 Query	select piiuniquei0_.id as id228_, piiuniquei0_.uniqueId as uniqueId228_ from piiuniqueid piiuniquei0_
		   85 Query	SET autocommit=0
		   85 Query	insert into EventH_ values ( )
		   85 Query	insert into EventHDownstream (subject, id) values ('toto@sap.com', 6)
		   85 Query	insert into piiH (date, event_id, owner, piiAttributeName, piiAttributeValue, piiUid) values (null, 6, 1, 'Penguins.jpg', '39191c39-3680-4fcb-9980-d398aac7e4ec_Penguins.jpg', 31352731547286591)
		   85 Query	commit
		   85 Query	SET autocommit=1
		   85 Query	select eventlogge0_.id as id229_0_, eventlogge0_.subject as subject232_0_ from EventHDownstream eventlogge0_ inner join EventH_ eventlogge0_1_ on eventlogge0_.id=eventlogge0_1_.id where eventlogge0_.id=6
		   85 Query	select piilogged0_.id as id235_1_, date as date235_1_, piilogged0_.event_id as event7_235_1_, piilogged0_.owner as owner235_1_, piilogged0_.piiAttributeName as piiAttri4_235_1_, piilogged0_.piiAttributeValue as piiAttri5_235_1_, piilogged0_.piiUid as piiUid235_1_, eventlogge1_.id as id229_0_, eventlogge1_3_.subject as subject232_0_, eventlogge1_5_.actionPerformed as actionPe1_234_0_, eventlogge1_5_.purpose as purpose234_0_, case when eventlogge1_1_.id is not null then 1 when eventlogge1_2_.id is not null then 2 when eventlogge1_3_.id is not null then 3 when eventlogge1_4_.id is not null then 4 when eventlogge1_5_.id is not null then 5 when eventlogge1_.id is not null then 0 end as clazz_0_ from piiH piilogged0_ left outer join EventH_ eventlogge1_ on piilogged0_.event_id=eventlogge1_.id left outer join EventHUpdate eventlogge1_1_ on eventlogge1_.id=eventlogge1_1_.id left outer join EventHCreate eventlogge1_2_ on eventlogge1_.id=eventlogge1_2_.id left outer join EventHDownstream eventlogge1_3_ on eventlogge1_.id=eventlogge1_3_.id left outer join EventHDelete eventlogge1_4_ on eventlogge1_.id=eventlogge1_4_.id left outer join EventHAccess eventlogge1_5_ on eventlogge1_.id=eventlogge1_5_.id where piilogged0_.id=6
